Tue Apr 28 09:09:43 2026       
+-----------------------------------------------------------------------------------------+
| NVIDIA-SMI 580.126.20             Driver Version: 580.126.20     CUDA Version: 13.0     |
+-----------------------------------------+------------------------+----------------------+
| GPU  Name                 Persistence-M | Bus-Id          Disp.A | Volatile Uncorr. ECC |
| Fan  Temp   Perf          Pwr:Usage/Cap |           Memory-Usage | GPU-Util  Compute M. |
|                                         |                        |               MIG M. |
|=========================================+========================+======================|
|   0  Tesla V100-PCIE-16GB           On  |   00000000:AF:00.0 Off |                    0 |
| N/A   41C    P0             34W /  250W |       0MiB /  16384MiB |      0%   E. Process |
|                                         |                        |                  N/A |
+-----------------------------------------+------------------------+----------------------+

+-----------------------------------------------------------------------------------------+
| Processes:                                                                              |
|  GPU   GI   CI              PID   Type   Process name                        GPU Memory |
|        ID   ID                                                               Usage      |
|=========================================================================================|
|  No running processes found                                                             |
+-----------------------------------------------------------------------------------------+
/appl/cuda/11.6.0/samples/bin/x86_64/linux/release/deviceQuery Starting...

 CUDA Device Query (Runtime API) version (CUDART static linking)

Detected 1 CUDA Capable device(s)

Device 0: "Tesla V100-PCIE-16GB"
  CUDA Driver Version / Runtime Version          13.0 / 11.6
  CUDA Capability Major/Minor version number:    7.0
  Total amount of global memory:                 16144 MBytes (16928342016 bytes)
  (080) Multiprocessors, (064) CUDA Cores/MP:    5120 CUDA Cores
  GPU Max Clock rate:                            1380 MHz (1.38 GHz)
  Memory Clock rate:                             877 Mhz
  Memory Bus Width:                              4096-bit
  L2 Cache Size:                                 6291456 bytes
  Maximum Texture Dimension Size (x,y,z)         1D=(131072), 2D=(131072, 65536), 3D=(16384, 16384, 16384)
  Maximum Layered 1D Texture Size, (num) layers  1D=(32768), 2048 layers
  Maximum Layered 2D Texture Size, (num) layers  2D=(32768, 32768), 2048 layers
  Total amount of constant memory:               65536 bytes
  Total amount of shared memory per block:       49152 bytes
  Total shared memory per multiprocessor:        98304 bytes
  Total number of registers available per block: 65536
  Warp size:                                     32
  Maximum number of threads per multiprocessor:  2048
  Maximum number of threads per block:           1024
  Max dimension size of a thread block (x,y,z): (1024, 1024, 64)
  Max dimension size of a grid size    (x,y,z): (2147483647, 65535, 65535)
  Maximum memory pitch:                          2147483647 bytes
  Texture alignment:                             512 bytes
  Concurrent copy and kernel execution:          Yes with 7 copy engine(s)
  Run time limit on kernels:                     No
  Integrated GPU sharing Host Memory:            No
  Support host page-locked memory mapping:       Yes
  Alignment requirement for Surfaces:            Yes
  Device has ECC support:                        Enabled
  Device supports Unified Addressing (UVA):      Yes
  Device supports Managed Memory:                Yes
  Device supports Compute Preemption:            Yes
  Supports Cooperative Kernel Launch:            Yes
  Supports MultiDevice Co-op Kernel Launch:      Yes
  Device PCI Domain ID / Bus ID / location ID:   0 / 175 / 0
  Compute Mode:
     < Exclusive Process (many threads in one process is able to use ::cudaSetDevice() with this device) >

deviceQuery, CUDA Driver = CUDART, CUDA Driver Version = 13.0, CUDA Runtime Version = 11.6, NumDevs = 1
Result = PASS
Skipping (no generated samples): CelebA16_1024_32_Adam_512_0.0001_index0
Skipping (no generated samples): CelebA16_2048_32_Adam_512_0.0001_index0
Skipping (no generated samples): CelebA16_4096_32_Adam_512_0.0001_index0
Skipping (no generated samples): CelebA16_512_32_Adam_512_0.0001_index0
Skipping (FID and fmem already exist): CelebA32_1024_32_Adam_512_0.0001_index0
Skipping (no generated samples): CelebA32_512_32_Adam_512_0.0001_index0
Skipping unsupported folder name: GMM8_4096_128_Adam_1_0.0006_B512_t-1
Skipping unsupported folder name: ISIC16_1024_32_Adam_512_0.0001_seed1
Skipping unsupported folder name: ISIC16_2048_32_Adam_512_0.0001_seed1
Skipping unsupported folder name: ISIC16_4096_32_Adam_512_0.0001_seed1
Skipping unsupported folder name: ISIC16_512_32_Adam_512_0.0001_seed1
Skipping unsupported folder name: ISIC32_1024_32_Adam_512_0.0001_seed1
Skipping (FID and fmem already exist): gmm_Sprites16_128_128_SGD_Momentum_128_0.0001_seed1
Skipping (FID and fmem already exist): gmm_Sprites16_4096_128_Adam_512_0.0006_seed1
Skipping (FID and fmem already exist): gmm_Sprites16_4096_128_SGD_Momentum_512_0.0006_seed1
Skipping (FID and fmem already exist): gmm_Sprites16_4096_512_Adam_512_0.0006_seed1
Skipping (no generated samples): gmm_Sprites16_512_512_Adam_512_0.0006_seed1
Skipping (FID and fmem already exist): unet_Sprites16_1024_32_Adam_512_0.0001_seed1
Skipping (FID and fmem already exist): unet_Sprites16_1024_32_SGD_Momentum_512_0.0001_seed1
Skipping (FID and fmem already exist): unet_Sprites16_1024_32_SGD_Momentum_512_0.0030_seed1_sgdcos_lr3e-3_warm10k
Skipping (no generated samples): unet_Sprites16_2048_32_Adam_512_0.0001_seed1
Skipping (no generated samples): unet_Sprites16_4096_32_Adam_512_0.0001_seed1
Skipping (no generated samples): unet_Sprites16_512_32_Adam_512_0.0001_seed1

Done. Evaluated 0 experiment(s), skipped 23.
