Sun Apr 26 12:05:01 2026       
+-----------------------------------------------------------------------------------------+
| NVIDIA-SMI 580.126.20             Driver Version: 580.126.20     CUDA Version: 13.0     |
+-----------------------------------------+------------------------+----------------------+
| GPU  Name                 Persistence-M | Bus-Id          Disp.A | Volatile Uncorr. ECC |
| Fan  Temp   Perf          Pwr:Usage/Cap |           Memory-Usage | GPU-Util  Compute M. |
|                                         |                        |               MIG M. |
|=========================================+========================+======================|
|   0  Tesla V100-SXM2-32GB           On  |   00000000:16:00.0 Off |                    0 |
| N/A   45C    P0             42W /  300W |       0MiB /  32768MiB |      0%   E. Process |
|                                         |                        |                  N/A |
+-----------------------------------------+------------------------+----------------------+

+-----------------------------------------------------------------------------------------+
| Processes:                                                                              |
|  GPU   GI   CI              PID   Type   Process name                        GPU Memory |
|        ID   ID                                                               Usage      |
|=========================================================================================|
|  No running processes found                                                             |
+-----------------------------------------------------------------------------------------+
/appl/cuda/11.6.0/samples/bin/x86_64/linux/release/deviceQuery Starting...

 CUDA Device Query (Runtime API) version (CUDART static linking)

Detected 1 CUDA Capable device(s)

Device 0: "Tesla V100-SXM2-32GB"
  CUDA Driver Version / Runtime Version          13.0 / 11.6
  CUDA Capability Major/Minor version number:    7.0
  Total amount of global memory:                 32494 MBytes (34072559616 bytes)
  (080) Multiprocessors, (064) CUDA Cores/MP:    5120 CUDA Cores
  GPU Max Clock rate:                            1530 MHz (1.53 GHz)
  Memory Clock rate:                             877 Mhz
  Memory Bus Width:                              4096-bit
  L2 Cache Size:                                 6291456 bytes
  Maximum Texture Dimension Size (x,y,z)         1D=(131072), 2D=(131072, 65536), 3D=(16384, 16384, 16384)
  Maximum Layered 1D Texture Size, (num) layers  1D=(32768), 2048 layers
  Maximum Layered 2D Texture Size, (num) layers  2D=(32768, 32768), 2048 layers
  Total amount of constant memory:               65536 bytes
  Total amount of shared memory per block:       49152 bytes
  Total shared memory per multiprocessor:        98304 bytes
  Total number of registers available per block: 65536
  Warp size:                                     32
  Maximum number of threads per multiprocessor:  2048
  Maximum number of threads per block:           1024
  Max dimension size of a thread block (x,y,z): (1024, 1024, 64)
  Max dimension size of a grid size    (x,y,z): (2147483647, 65535, 65535)
  Maximum memory pitch:                          2147483647 bytes
  Texture alignment:                             512 bytes
  Concurrent copy and kernel execution:          Yes with 5 copy engine(s)
  Run time limit on kernels:                     No
  Integrated GPU sharing Host Memory:            No
  Support host page-locked memory mapping:       Yes
  Alignment requirement for Surfaces:            Yes
  Device has ECC support:                        Enabled
  Device supports Unified Addressing (UVA):      Yes
  Device supports Managed Memory:                Yes
  Device supports Compute Preemption:            Yes
  Supports Cooperative Kernel Launch:            Yes
  Supports MultiDevice Co-op Kernel Launch:      Yes
  Device PCI Domain ID / Bus ID / location ID:   0 / 22 / 0
  Compute Mode:
     < Exclusive Process (many threads in one process is able to use ::cudaSetDevice() with this device) >

deviceQuery, CUDA Driver = CUDART, CUDA Driver Version = 13.0, CUDA Runtime Version = 11.6, NumDevs = 1
Result = PASS
Arguments: Namespace(num=1024, index=0, img_size=32, learning_rate=0.0001, optim='Adam', nbase=32, batch_size=512, dataset='CelebA', model_type='unet', seed=1, tag='', time=-1, experiment_dir='CelebA32_1024_32_Adam_512_0.0001_index0', Nsamples=10, batch_sample_size=100, gap_threshold=0.3333333333333333, device='cuda:0')
Computing memorization fraction for 54 checkpoints...
Model: CelebA32_1024_32_Adam_512_0.0001_index0/
Output file: ../../Saves/CelebA32_1024_32_Adam_512_0.0001_index0/Memorization/fraction_memorized.txt
Warning: File not found: ../../Saves/CelebA32_1024_32_Adam_512_0.0001_index0/Samples//190000/generated/samples_a_0
Warning: File not found: ../../Saves/CelebA32_1024_32_Adam_512_0.0001_index0/Samples//190000/generated/samples_a_1
Warning: File not found: ../../Saves/CelebA32_1024_32_Adam_512_0.0001_index0/Samples//190000/generated/samples_a_2
Warning: File not found: ../../Saves/CelebA32_1024_32_Adam_512_0.0001_index0/Samples//190000/generated/samples_a_3
Warning: File not found: ../../Saves/CelebA32_1024_32_Adam_512_0.0001_index0/Samples//190000/generated/samples_a_4
Warning: File not found: ../../Saves/CelebA32_1024_32_Adam_512_0.0001_index0/Samples//190000/generated/samples_a_5
Warning: File not found: ../../Saves/CelebA32_1024_32_Adam_512_0.0001_index0/Samples//190000/generated/samples_a_6
Warning: File not found: ../../Saves/CelebA32_1024_32_Adam_512_0.0001_index0/Samples//190000/generated/samples_a_7
Warning: File not found: ../../Saves/CelebA32_1024_32_Adam_512_0.0001_index0/Samples//190000/generated/samples_a_8
Warning: File not found: ../../Saves/CelebA32_1024_32_Adam_512_0.0001_index0/Samples//190000/generated/samples_a_9
Warning: no generated samples found for checkpoint 190000.
Warning: File not found: ../../Saves/CelebA32_1024_32_Adam_512_0.0001_index0/Samples//200000/generated/samples_a_0
Warning: File not found: ../../Saves/CelebA32_1024_32_Adam_512_0.0001_index0/Samples//200000/generated/samples_a_1
Warning: File not found: ../../Saves/CelebA32_1024_32_Adam_512_0.0001_index0/Samples//200000/generated/samples_a_2
Warning: File not found: ../../Saves/CelebA32_1024_32_Adam_512_0.0001_index0/Samples//200000/generated/samples_a_3
Warning: File not found: ../../Saves/CelebA32_1024_32_Adam_512_0.0001_index0/Samples//200000/generated/samples_a_4
Warning: File not found: ../../Saves/CelebA32_1024_32_Adam_512_0.0001_index0/Samples//200000/generated/samples_a_5
Warning: File not found: ../../Saves/CelebA32_1024_32_Adam_512_0.0001_index0/Samples//200000/generated/samples_a_6
Warning: File not found: ../../Saves/CelebA32_1024_32_Adam_512_0.0001_index0/Samples//200000/generated/samples_a_7
Warning: File not found: ../../Saves/CelebA32_1024_32_Adam_512_0.0001_index0/Samples//200000/generated/samples_a_8
Warning: File not found: ../../Saves/CelebA32_1024_32_Adam_512_0.0001_index0/Samples//200000/generated/samples_a_9
Warning: no generated samples found for checkpoint 200000.
Warning: File not found: ../../Saves/CelebA32_1024_32_Adam_512_0.0001_index0/Samples//210000/generated/samples_a_0
Warning: File not found: ../../Saves/CelebA32_1024_32_Adam_512_0.0001_index0/Samples//210000/generated/samples_a_1
Warning: File not found: ../../Saves/CelebA32_1024_32_Adam_512_0.0001_index0/Samples//210000/generated/samples_a_2
Warning: File not found: ../../Saves/CelebA32_1024_32_Adam_512_0.0001_index0/Samples//210000/generated/samples_a_3
Warning: File not found: ../../Saves/CelebA32_1024_32_Adam_512_0.0001_index0/Samples//210000/generated/samples_a_4
Warning: File not found: ../../Saves/CelebA32_1024_32_Adam_512_0.0001_index0/Samples//210000/generated/samples_a_5
Warning: File not found: ../../Saves/CelebA32_1024_32_Adam_512_0.0001_index0/Samples//210000/generated/samples_a_6
Warning: File not found: ../../Saves/CelebA32_1024_32_Adam_512_0.0001_index0/Samples//210000/generated/samples_a_7
Warning: File not found: ../../Saves/CelebA32_1024_32_Adam_512_0.0001_index0/Samples//210000/generated/samples_a_8
Warning: File not found: ../../Saves/CelebA32_1024_32_Adam_512_0.0001_index0/Samples//210000/generated/samples_a_9
Warning: no generated samples found for checkpoint 210000.
Warning: File not found: ../../Saves/CelebA32_1024_32_Adam_512_0.0001_index0/Samples//220000/generated/samples_a_0
Warning: File not found: ../../Saves/CelebA32_1024_32_Adam_512_0.0001_index0/Samples//220000/generated/samples_a_1
Warning: File not found: ../../Saves/CelebA32_1024_32_Adam_512_0.0001_index0/Samples//220000/generated/samples_a_2
Warning: File not found: ../../Saves/CelebA32_1024_32_Adam_512_0.0001_index0/Samples//220000/generated/samples_a_3
Warning: File not found: ../../Saves/CelebA32_1024_32_Adam_512_0.0001_index0/Samples//220000/generated/samples_a_4
Warning: File not found: ../../Saves/CelebA32_1024_32_Adam_512_0.0001_index0/Samples//220000/generated/samples_a_5
Warning: File not found: ../../Saves/CelebA32_1024_32_Adam_512_0.0001_index0/Samples//220000/generated/samples_a_6
Warning: File not found: ../../Saves/CelebA32_1024_32_Adam_512_0.0001_index0/Samples//220000/generated/samples_a_7
Warning: File not found: ../../Saves/CelebA32_1024_32_Adam_512_0.0001_index0/Samples//220000/generated/samples_a_8
Warning: File not found: ../../Saves/CelebA32_1024_32_Adam_512_0.0001_index0/Samples//220000/generated/samples_a_9
Warning: no generated samples found for checkpoint 220000.
Warning: File not found: ../../Saves/CelebA32_1024_32_Adam_512_0.0001_index0/Samples//230000/generated/samples_a_0
Warning: File not found: ../../Saves/CelebA32_1024_32_Adam_512_0.0001_index0/Samples//230000/generated/samples_a_1
Warning: File not found: ../../Saves/CelebA32_1024_32_Adam_512_0.0001_index0/Samples//230000/generated/samples_a_2
Warning: File not found: ../../Saves/CelebA32_1024_32_Adam_512_0.0001_index0/Samples//230000/generated/samples_a_3
Warning: File not found: ../../Saves/CelebA32_1024_32_Adam_512_0.0001_index0/Samples//230000/generated/samples_a_4
Warning: File not found: ../../Saves/CelebA32_1024_32_Adam_512_0.0001_index0/Samples//230000/generated/samples_a_5
Warning: File not found: ../../Saves/CelebA32_1024_32_Adam_512_0.0001_index0/Samples//230000/generated/samples_a_6
Warning: File not found: ../../Saves/CelebA32_1024_32_Adam_512_0.0001_index0/Samples//230000/generated/samples_a_7
Warning: File not found: ../../Saves/CelebA32_1024_32_Adam_512_0.0001_index0/Samples//230000/generated/samples_a_8
Warning: File not found: ../../Saves/CelebA32_1024_32_Adam_512_0.0001_index0/Samples//230000/generated/samples_a_9
Warning: no generated samples found for checkpoint 230000.
Warning: File not found: ../../Saves/CelebA32_1024_32_Adam_512_0.0001_index0/Samples//245000/generated/samples_a_0
Warning: File not found: ../../Saves/CelebA32_1024_32_Adam_512_0.0001_index0/Samples//245000/generated/samples_a_1
Warning: File not found: ../../Saves/CelebA32_1024_32_Adam_512_0.0001_index0/Samples//245000/generated/samples_a_2
Warning: File not found: ../../Saves/CelebA32_1024_32_Adam_512_0.0001_index0/Samples//245000/generated/samples_a_3
Warning: File not found: ../../Saves/CelebA32_1024_32_Adam_512_0.0001_index0/Samples//245000/generated/samples_a_4
Warning: File not found: ../../Saves/CelebA32_1024_32_Adam_512_0.0001_index0/Samples//245000/generated/samples_a_5
Warning: File not found: ../../Saves/CelebA32_1024_32_Adam_512_0.0001_index0/Samples//245000/generated/samples_a_6
Warning: File not found: ../../Saves/CelebA32_1024_32_Adam_512_0.0001_index0/Samples//245000/generated/samples_a_7
Warning: File not found: ../../Saves/CelebA32_1024_32_Adam_512_0.0001_index0/Samples//245000/generated/samples_a_8
Warning: File not found: ../../Saves/CelebA32_1024_32_Adam_512_0.0001_index0/Samples//245000/generated/samples_a_9
Warning: no generated samples found for checkpoint 245000.
Warning: File not found: ../../Saves/CelebA32_1024_32_Adam_512_0.0001_index0/Samples//260000/generated/samples_a_0
Warning: File not found: ../../Saves/CelebA32_1024_32_Adam_512_0.0001_index0/Samples//260000/generated/samples_a_1
Warning: File not found: ../../Saves/CelebA32_1024_32_Adam_512_0.0001_index0/Samples//260000/generated/samples_a_2
Warning: File not found: ../../Saves/CelebA32_1024_32_Adam_512_0.0001_index0/Samples//260000/generated/samples_a_3
Warning: File not found: ../../Saves/CelebA32_1024_32_Adam_512_0.0001_index0/Samples//260000/generated/samples_a_4
Warning: File not found: ../../Saves/CelebA32_1024_32_Adam_512_0.0001_index0/Samples//260000/generated/samples_a_5
Warning: File not found: ../../Saves/CelebA32_1024_32_Adam_512_0.0001_index0/Samples//260000/generated/samples_a_6
Warning: File not found: ../../Saves/CelebA32_1024_32_Adam_512_0.0001_index0/Samples//260000/generated/samples_a_7
Warning: File not found: ../../Saves/CelebA32_1024_32_Adam_512_0.0001_index0/Samples//260000/generated/samples_a_8
Warning: File not found: ../../Saves/CelebA32_1024_32_Adam_512_0.0001_index0/Samples//260000/generated/samples_a_9
Warning: no generated samples found for checkpoint 260000.
Warning: File not found: ../../Saves/CelebA32_1024_32_Adam_512_0.0001_index0/Samples//270000/generated/samples_a_0
Warning: File not found: ../../Saves/CelebA32_1024_32_Adam_512_0.0001_index0/Samples//270000/generated/samples_a_1
Warning: File not found: ../../Saves/CelebA32_1024_32_Adam_512_0.0001_index0/Samples//270000/generated/samples_a_2
Warning: File not found: ../../Saves/CelebA32_1024_32_Adam_512_0.0001_index0/Samples//270000/generated/samples_a_3
Warning: File not found: ../../Saves/CelebA32_1024_32_Adam_512_0.0001_index0/Samples//270000/generated/samples_a_4
Warning: File not found: ../../Saves/CelebA32_1024_32_Adam_512_0.0001_index0/Samples//270000/generated/samples_a_5
Warning: File not found: ../../Saves/CelebA32_1024_32_Adam_512_0.0001_index0/Samples//270000/generated/samples_a_6
Warning: File not found: ../../Saves/CelebA32_1024_32_Adam_512_0.0001_index0/Samples//270000/generated/samples_a_7
Warning: File not found: ../../Saves/CelebA32_1024_32_Adam_512_0.0001_index0/Samples//270000/generated/samples_a_8
Warning: File not found: ../../Saves/CelebA32_1024_32_Adam_512_0.0001_index0/Samples//270000/generated/samples_a_9
Warning: no generated samples found for checkpoint 270000.
Warning: File not found: ../../Saves/CelebA32_1024_32_Adam_512_0.0001_index0/Samples//285000/generated/samples_a_0
Warning: File not found: ../../Saves/CelebA32_1024_32_Adam_512_0.0001_index0/Samples//285000/generated/samples_a_1
Warning: File not found: ../../Saves/CelebA32_1024_32_Adam_512_0.0001_index0/Samples//285000/generated/samples_a_2
Warning: File not found: ../../Saves/CelebA32_1024_32_Adam_512_0.0001_index0/Samples//285000/generated/samples_a_3
Warning: File not found: ../../Saves/CelebA32_1024_32_Adam_512_0.0001_index0/Samples//285000/generated/samples_a_4
Warning: File not found: ../../Saves/CelebA32_1024_32_Adam_512_0.0001_index0/Samples//285000/generated/samples_a_5
Warning: File not found: ../../Saves/CelebA32_1024_32_Adam_512_0.0001_index0/Samples//285000/generated/samples_a_6
Warning: File not found: ../../Saves/CelebA32_1024_32_Adam_512_0.0001_index0/Samples//285000/generated/samples_a_7
Warning: File not found: ../../Saves/CelebA32_1024_32_Adam_512_0.0001_index0/Samples//285000/generated/samples_a_8
Warning: File not found: ../../Saves/CelebA32_1024_32_Adam_512_0.0001_index0/Samples//285000/generated/samples_a_9
Warning: no generated samples found for checkpoint 285000.
Warning: File not found: ../../Saves/CelebA32_1024_32_Adam_512_0.0001_index0/Samples//300000/generated/samples_a_0
Warning: File not found: ../../Saves/CelebA32_1024_32_Adam_512_0.0001_index0/Samples//300000/generated/samples_a_1
Warning: File not found: ../../Saves/CelebA32_1024_32_Adam_512_0.0001_index0/Samples//300000/generated/samples_a_2
Warning: File not found: ../../Saves/CelebA32_1024_32_Adam_512_0.0001_index0/Samples//300000/generated/samples_a_3
Warning: File not found: ../../Saves/CelebA32_1024_32_Adam_512_0.0001_index0/Samples//300000/generated/samples_a_4
Warning: File not found: ../../Saves/CelebA32_1024_32_Adam_512_0.0001_index0/Samples//300000/generated/samples_a_5
Warning: File not found: ../../Saves/CelebA32_1024_32_Adam_512_0.0001_index0/Samples//300000/generated/samples_a_6
Warning: File not found: ../../Saves/CelebA32_1024_32_Adam_512_0.0001_index0/Samples//300000/generated/samples_a_7
Warning: File not found: ../../Saves/CelebA32_1024_32_Adam_512_0.0001_index0/Samples//300000/generated/samples_a_8
Warning: File not found: ../../Saves/CelebA32_1024_32_Adam_512_0.0001_index0/Samples//300000/generated/samples_a_9
Warning: no generated samples found for checkpoint 300000.
Warning: File not found: ../../Saves/CelebA32_1024_32_Adam_512_0.0001_index0/Samples//320000/generated/samples_a_0
Warning: File not found: ../../Saves/CelebA32_1024_32_Adam_512_0.0001_index0/Samples//320000/generated/samples_a_1
Warning: File not found: ../../Saves/CelebA32_1024_32_Adam_512_0.0001_index0/Samples//320000/generated/samples_a_2
Warning: File not found: ../../Saves/CelebA32_1024_32_Adam_512_0.0001_index0/Samples//320000/generated/samples_a_3
Warning: File not found: ../../Saves/CelebA32_1024_32_Adam_512_0.0001_index0/Samples//320000/generated/samples_a_4
Warning: File not found: ../../Saves/CelebA32_1024_32_Adam_512_0.0001_index0/Samples//320000/generated/samples_a_5
Warning: File not found: ../../Saves/CelebA32_1024_32_Adam_512_0.0001_index0/Samples//320000/generated/samples_a_6
Warning: File not found: ../../Saves/CelebA32_1024_32_Adam_512_0.0001_index0/Samples//320000/generated/samples_a_7
Warning: File not found: ../../Saves/CelebA32_1024_32_Adam_512_0.0001_index0/Samples//320000/generated/samples_a_8
Warning: File not found: ../../Saves/CelebA32_1024_32_Adam_512_0.0001_index0/Samples//320000/generated/samples_a_9
Warning: no generated samples found for checkpoint 320000.
Warning: File not found: ../../Saves/CelebA32_1024_32_Adam_512_0.0001_index0/Samples//335000/generated/samples_a_0
Warning: File not found: ../../Saves/CelebA32_1024_32_Adam_512_0.0001_index0/Samples//335000/generated/samples_a_1
Warning: File not found: ../../Saves/CelebA32_1024_32_Adam_512_0.0001_index0/Samples//335000/generated/samples_a_2
Warning: File not found: ../../Saves/CelebA32_1024_32_Adam_512_0.0001_index0/Samples//335000/generated/samples_a_3
Warning: File not found: ../../Saves/CelebA32_1024_32_Adam_512_0.0001_index0/Samples//335000/generated/samples_a_4
Warning: File not found: ../../Saves/CelebA32_1024_32_Adam_512_0.0001_index0/Samples//335000/generated/samples_a_5
Warning: File not found: ../../Saves/CelebA32_1024_32_Adam_512_0.0001_index0/Samples//335000/generated/samples_a_6
Warning: File not found: ../../Saves/CelebA32_1024_32_Adam_512_0.0001_index0/Samples//335000/generated/samples_a_7
Warning: File not found: ../../Saves/CelebA32_1024_32_Adam_512_0.0001_index0/Samples//335000/generated/samples_a_8
Warning: File not found: ../../Saves/CelebA32_1024_32_Adam_512_0.0001_index0/Samples//335000/generated/samples_a_9
Warning: no generated samples found for checkpoint 335000.
Warning: File not found: ../../Saves/CelebA32_1024_32_Adam_512_0.0001_index0/Samples//355000/generated/samples_a_0
Warning: File not found: ../../Saves/CelebA32_1024_32_Adam_512_0.0001_index0/Samples//355000/generated/samples_a_1
Warning: File not found: ../../Saves/CelebA32_1024_32_Adam_512_0.0001_index0/Samples//355000/generated/samples_a_2
Warning: File not found: ../../Saves/CelebA32_1024_32_Adam_512_0.0001_index0/Samples//355000/generated/samples_a_3
Warning: File not found: ../../Saves/CelebA32_1024_32_Adam_512_0.0001_index0/Samples//355000/generated/samples_a_4
Warning: File not found: ../../Saves/CelebA32_1024_32_Adam_512_0.0001_index0/Samples//355000/generated/samples_a_5
Warning: File not found: ../../Saves/CelebA32_1024_32_Adam_512_0.0001_index0/Samples//355000/generated/samples_a_6
Warning: File not found: ../../Saves/CelebA32_1024_32_Adam_512_0.0001_index0/Samples//355000/generated/samples_a_7
Warning: File not found: ../../Saves/CelebA32_1024_32_Adam_512_0.0001_index0/Samples//355000/generated/samples_a_8
Warning: File not found: ../../Saves/CelebA32_1024_32_Adam_512_0.0001_index0/Samples//355000/generated/samples_a_9
Warning: no generated samples found for checkpoint 355000.
Warning: File not found: ../../Saves/CelebA32_1024_32_Adam_512_0.0001_index0/Samples//370000/generated/samples_a_0
Warning: File not found: ../../Saves/CelebA32_1024_32_Adam_512_0.0001_index0/Samples//370000/generated/samples_a_1
Warning: File not found: ../../Saves/CelebA32_1024_32_Adam_512_0.0001_index0/Samples//370000/generated/samples_a_2
Warning: File not found: ../../Saves/CelebA32_1024_32_Adam_512_0.0001_index0/Samples//370000/generated/samples_a_3
Warning: File not found: ../../Saves/CelebA32_1024_32_Adam_512_0.0001_index0/Samples//370000/generated/samples_a_4
Warning: File not found: ../../Saves/CelebA32_1024_32_Adam_512_0.0001_index0/Samples//370000/generated/samples_a_5
Warning: File not found: ../../Saves/CelebA32_1024_32_Adam_512_0.0001_index0/Samples//370000/generated/samples_a_6
Warning: File not found: ../../Saves/CelebA32_1024_32_Adam_512_0.0001_index0/Samples//370000/generated/samples_a_7
Warning: File not found: ../../Saves/CelebA32_1024_32_Adam_512_0.0001_index0/Samples//370000/generated/samples_a_8
Warning: File not found: ../../Saves/CelebA32_1024_32_Adam_512_0.0001_index0/Samples//370000/generated/samples_a_9
Warning: no generated samples found for checkpoint 370000.
Warning: File not found: ../../Saves/CelebA32_1024_32_Adam_512_0.0001_index0/Samples//390000/generated/samples_a_0
Warning: File not found: ../../Saves/CelebA32_1024_32_Adam_512_0.0001_index0/Samples//390000/generated/samples_a_1
Warning: File not found: ../../Saves/CelebA32_1024_32_Adam_512_0.0001_index0/Samples//390000/generated/samples_a_2
Warning: File not found: ../../Saves/CelebA32_1024_32_Adam_512_0.0001_index0/Samples//390000/generated/samples_a_3
Warning: File not found: ../../Saves/CelebA32_1024_32_Adam_512_0.0001_index0/Samples//390000/generated/samples_a_4
Warning: File not found: ../../Saves/CelebA32_1024_32_Adam_512_0.0001_index0/Samples//390000/generated/samples_a_5
Warning: File not found: ../../Saves/CelebA32_1024_32_Adam_512_0.0001_index0/Samples//390000/generated/samples_a_6
Warning: File not found: ../../Saves/CelebA32_1024_32_Adam_512_0.0001_index0/Samples//390000/generated/samples_a_7
Warning: File not found: ../../Saves/CelebA32_1024_32_Adam_512_0.0001_index0/Samples//390000/generated/samples_a_8
Warning: File not found: ../../Saves/CelebA32_1024_32_Adam_512_0.0001_index0/Samples//390000/generated/samples_a_9
Warning: no generated samples found for checkpoint 390000.
Memorization fraction computation completed!
Arguments: Namespace(num=1024, index=0, img_size=32, learning_rate=0.0001, optim='Adam', nbase=32, batch_size=512, dataset='CelebA', model_type='unet', seed=1, tag='', time=-1, experiment_dir='CelebA32_1024_32_Adam_512_0.0001_index0', id_stat=1, N1=0, N2=10, batch_size_samples=100, device='cuda:0', rebuild_stats=True, no_auto_stats=False)

=== Evaluating CelebA32_1024_32_Adam_512_0.0001_index0 ===
Detected generated batches per checkpoint: 10
Running: /work3/s204164/Why-Diffusion-Models-Don-t-Memorize/Experiments/.venv/bin/python /work3/s204164/Why-Diffusion-Models-Don-t-Memorize/Experiments/src/Evaluation/compute_fmem.py -D CelebA -n 1024 -s 32 -LR 0.0001 -O Adam -W 32 -B 512 -t -1 --experiment_dir CelebA32_1024_32_Adam_512_0.0001_index0 --device cuda:0 -i 0 -Ns 10 --batch_sample_size 100 --gap_threshold 0.3333333333333333
Running: /work3/s204164/Why-Diffusion-Models-Don-t-Memorize/Experiments/.venv/bin/python /work3/s204164/Why-Diffusion-Models-Don-t-Memorize/Experiments/src/Evaluation/compute_FID.py -D CelebA -n 1024 -s 32 -LR 0.0001 -O Adam -W 32 -B 512 -t -1 --experiment_dir CelebA32_1024_32_Adam_512_0.0001_index0 --device cuda:0 -i 0 -istat 1 --N1 0 --N2 10 --batch_size_samples 100 --rebuild_stats
