Tue Apr 28 12:01:48 2026       
+-----------------------------------------------------------------------------------------+
| NVIDIA-SMI 580.126.20             Driver Version: 580.126.20     CUDA Version: 13.0     |
+-----------------------------------------+------------------------+----------------------+
| GPU  Name                 Persistence-M | Bus-Id          Disp.A | Volatile Uncorr. ECC |
| Fan  Temp   Perf          Pwr:Usage/Cap |           Memory-Usage | GPU-Util  Compute M. |
|                                         |                        |               MIG M. |
|=========================================+========================+======================|
|   0  Tesla V100-PCIE-16GB           On  |   00000000:37:00.0 Off |                    0 |
| N/A   41C    P0             34W /  250W |       0MiB /  16384MiB |      0%   E. Process |
|                                         |                        |                  N/A |
+-----------------------------------------+------------------------+----------------------+

+-----------------------------------------------------------------------------------------+
| Processes:                                                                              |
|  GPU   GI   CI              PID   Type   Process name                        GPU Memory |
|        ID   ID                                                               Usage      |
|=========================================================================================|
|  No running processes found                                                             |
+-----------------------------------------------------------------------------------------+
/appl/cuda/11.6.0/samples/bin/x86_64/linux/release/deviceQuery Starting...

 CUDA Device Query (Runtime API) version (CUDART static linking)

Detected 1 CUDA Capable device(s)

Device 0: "Tesla V100-PCIE-16GB"
  CUDA Driver Version / Runtime Version          13.0 / 11.6
  CUDA Capability Major/Minor version number:    7.0
  Total amount of global memory:                 16144 MBytes (16928342016 bytes)
  (080) Multiprocessors, (064) CUDA Cores/MP:    5120 CUDA Cores
  GPU Max Clock rate:                            1380 MHz (1.38 GHz)
  Memory Clock rate:                             877 Mhz
  Memory Bus Width:                              4096-bit
  L2 Cache Size:                                 6291456 bytes
  Maximum Texture Dimension Size (x,y,z)         1D=(131072), 2D=(131072, 65536), 3D=(16384, 16384, 16384)
  Maximum Layered 1D Texture Size, (num) layers  1D=(32768), 2048 layers
  Maximum Layered 2D Texture Size, (num) layers  2D=(32768, 32768), 2048 layers
  Total amount of constant memory:               65536 bytes
  Total amount of shared memory per block:       49152 bytes
  Total shared memory per multiprocessor:        98304 bytes
  Total number of registers available per block: 65536
  Warp size:                                     32
  Maximum number of threads per multiprocessor:  2048
  Maximum number of threads per block:           1024
  Max dimension size of a thread block (x,y,z): (1024, 1024, 64)
  Max dimension size of a grid size    (x,y,z): (2147483647, 65535, 65535)
  Maximum memory pitch:                          2147483647 bytes
  Texture alignment:                             512 bytes
  Concurrent copy and kernel execution:          Yes with 7 copy engine(s)
  Run time limit on kernels:                     No
  Integrated GPU sharing Host Memory:            No
  Support host page-locked memory mapping:       Yes
  Alignment requirement for Surfaces:            Yes
  Device has ECC support:                        Enabled
  Device supports Unified Addressing (UVA):      Yes
  Device supports Managed Memory:                Yes
  Device supports Compute Preemption:            Yes
  Supports Cooperative Kernel Launch:            Yes
  Supports MultiDevice Co-op Kernel Launch:      Yes
  Device PCI Domain ID / Bus ID / location ID:   0 / 55 / 0
  Compute Mode:
     < Exclusive Process (many threads in one process is able to use ::cudaSetDevice() with this device) >

deviceQuery, CUDA Driver = CUDART, CUDA Driver Version = 13.0, CUDA Runtime Version = 11.6, NumDevs = 1
Result = PASS
Arguments: Namespace(num=512, index=0, img_size=16, learning_rate=0.0001, optim='Adam', nbase=32, batch_size=512, dataset='CelebA', model_type='unet', seed=1, tag='', time=-1, experiment_dir='CelebA16_512_32_Adam_512_0.0001_index0', Nsamples=5, batch_sample_size=100, gap_threshold=0.3333333333333333, device='cuda:0')
Computing memorization fraction for 2 checkpoints...
Model: CelebA16_512_32_Adam_512_0.0001_index0/
Output file: ../../Saves/CelebA16_512_32_Adam_512_0.0001_index0/Memorization/fraction_memorized.txt
Memorization fraction computation completed!
Arguments: Namespace(num=512, index=0, img_size=16, learning_rate=0.0001, optim='Adam', nbase=32, batch_size=512, dataset='CelebA', model_type='unet', seed=1, tag='', time=-1, experiment_dir='CelebA16_512_32_Adam_512_0.0001_index0', id_stat=1, N1=0, N2=5, batch_size_samples=100, device='cuda:0', fid_batch_size=50, fid_dims=2048, fid_num_workers=None, rebuild_stats=True, no_auto_stats=False)
Saving statistics for ../../Saves/FID_ref/tmp_stats_1
Computing FID for 2 checkpoints...
Model: CelebA16_512_32_Adam_512_0.0001_index0/
Reference statistics: ../../Saves/FID_ref/stats1.npz
Output file: ../../Saves/CelebA16_512_32_Adam_512_0.0001_index0/FID/FID_1.txt
FID computation completed!
Arguments: Namespace(num=512, index=0, img_size=32, learning_rate=0.0001, optim='Adam', nbase=32, batch_size=512, dataset='CelebA', model_type='unet', seed=1, tag='', time=-1, experiment_dir='CelebA32_512_32_Adam_512_0.0001_index0', Nsamples=5, batch_sample_size=100, gap_threshold=0.3333333333333333, device='cuda:0')
Computing memorization fraction for 4 checkpoints...
Model: CelebA32_512_32_Adam_512_0.0001_index0/
Output file: ../../Saves/CelebA32_512_32_Adam_512_0.0001_index0/Memorization/fraction_memorized.txt
Warning: File not found: ../../Saves/CelebA32_512_32_Adam_512_0.0001_index0/Samples//500/generated/samples_a_0
Warning: File not found: ../../Saves/CelebA32_512_32_Adam_512_0.0001_index0/Samples//500/generated/samples_a_1
Warning: File not found: ../../Saves/CelebA32_512_32_Adam_512_0.0001_index0/Samples//500/generated/samples_a_2
Warning: File not found: ../../Saves/CelebA32_512_32_Adam_512_0.0001_index0/Samples//500/generated/samples_a_3
Warning: File not found: ../../Saves/CelebA32_512_32_Adam_512_0.0001_index0/Samples//500/generated/samples_a_4
Warning: no generated samples found for checkpoint 500.
Warning: File not found: ../../Saves/CelebA32_512_32_Adam_512_0.0001_index0/Samples//750/generated/samples_a_0
Warning: File not found: ../../Saves/CelebA32_512_32_Adam_512_0.0001_index0/Samples//750/generated/samples_a_1
Warning: File not found: ../../Saves/CelebA32_512_32_Adam_512_0.0001_index0/Samples//750/generated/samples_a_2
Warning: File not found: ../../Saves/CelebA32_512_32_Adam_512_0.0001_index0/Samples//750/generated/samples_a_3
Warning: File not found: ../../Saves/CelebA32_512_32_Adam_512_0.0001_index0/Samples//750/generated/samples_a_4
Warning: no generated samples found for checkpoint 750.
Memorization fraction computation completed!
Arguments: Namespace(num=512, index=0, img_size=32, learning_rate=0.0001, optim='Adam', nbase=32, batch_size=512, dataset='CelebA', model_type='unet', seed=1, tag='', time=-1, experiment_dir='CelebA32_512_32_Adam_512_0.0001_index0', id_stat=1, N1=0, N2=5, batch_size_samples=100, device='cuda:0', fid_batch_size=50, fid_dims=2048, fid_num_workers=None, rebuild_stats=True, no_auto_stats=False)
Saving statistics for ../../Saves/FID_ref/tmp_stats_1
Computing FID for 4 checkpoints...
Model: CelebA32_512_32_Adam_512_0.0001_index0/
Reference statistics: ../../Saves/FID_ref/stats1.npz
Output file: ../../Saves/CelebA32_512_32_Adam_512_0.0001_index0/FID/FID_1.txt
Error computing FID for checkpoint 500: No generated batches found for checkpoint 500
Skipping...
Error computing FID for checkpoint 750: No generated batches found for checkpoint 750
Skipping...
FID computation completed!
Arguments: Namespace(num=512, index=0, img_size=16, learning_rate=0.0006, optim='Adam', nbase=512, batch_size=512, dataset='Sprites', model_type='gmm', seed=1, tag='', time=-1, experiment_dir='gmm_Sprites16_512_512_Adam_512_0.0006_seed1', Nsamples=1, batch_sample_size=100, gap_threshold=0.3333333333333333, device='cuda:0')
Computing memorization fraction for 8 checkpoints...
Model: gmm_Sprites16_512_512_Adam_512_0.0006_seed1/
Output file: ../../Saves/gmm_Sprites16_512_512_Adam_512_0.0006_seed1/Memorization/fraction_memorized.txt
Dataset shape: (512, 16, 16, 3)
Memorization fraction computation completed!
Arguments: Namespace(num=512, index=0, img_size=16, learning_rate=0.0006, optim='Adam', nbase=512, batch_size=512, dataset='Sprites', model_type='gmm', seed=1, tag='', time=-1, experiment_dir='gmm_Sprites16_512_512_Adam_512_0.0006_seed1', id_stat=1, N1=0, N2=1, batch_size_samples=100, device='cuda:0', fid_batch_size=50, fid_dims=2048, fid_num_workers=None, rebuild_stats=True, no_auto_stats=False)
Dataset shape: (512, 16, 16, 3)
Saving statistics for ../../Saves/FID_ref/tmp_stats_1
Computing FID for 8 checkpoints...
Model: gmm_Sprites16_512_512_Adam_512_0.0006_seed1/
Reference statistics: ../../Saves/FID_ref/stats1.npz
Output file: ../../Saves/gmm_Sprites16_512_512_Adam_512_0.0006_seed1/FID/FID_1.txt
FID computation completed!
Arguments: Namespace(num=2048, index=0, img_size=16, learning_rate=0.0001, optim='Adam', nbase=32, batch_size=512, dataset='Sprites', model_type='unet', seed=1, tag='', time=-1, experiment_dir='unet_Sprites16_2048_32_Adam_512_0.0001_seed1', Nsamples=1, batch_sample_size=100, gap_threshold=0.3333333333333333, device='cuda:0')
Computing memorization fraction for 40 checkpoints...
Model: unet_Sprites16_2048_32_Adam_512_0.0001_seed1/
Output file: ../../Saves/unet_Sprites16_2048_32_Adam_512_0.0001_seed1/Memorization/fraction_memorized.txt
Dataset shape: (2048, 16, 16, 3)
Memorization fraction computation completed!
Arguments: Namespace(num=2048, index=0, img_size=16, learning_rate=0.0001, optim='Adam', nbase=32, batch_size=512, dataset='Sprites', model_type='unet', seed=1, tag='', time=-1, experiment_dir='unet_Sprites16_2048_32_Adam_512_0.0001_seed1', id_stat=1, N1=0, N2=1, batch_size_samples=100, device='cuda:0', fid_batch_size=50, fid_dims=2048, fid_num_workers=None, rebuild_stats=True, no_auto_stats=False)
Dataset shape: (2048, 16, 16, 3)
Saving statistics for ../../Saves/FID_ref/tmp_stats_1
Computing FID for 40 checkpoints...
Model: unet_Sprites16_2048_32_Adam_512_0.0001_seed1/
Reference statistics: ../../Saves/FID_ref/stats1.npz
Output file: ../../Saves/unet_Sprites16_2048_32_Adam_512_0.0001_seed1/FID/FID_1.txt
FID computation completed!
Arguments: Namespace(num=4096, index=0, img_size=16, learning_rate=0.0001, optim='Adam', nbase=32, batch_size=512, dataset='Sprites', model_type='unet', seed=1, tag='', time=-1, experiment_dir='unet_Sprites16_4096_32_Adam_512_0.0001_seed1', Nsamples=1, batch_sample_size=100, gap_threshold=0.3333333333333333, device='cuda:0')
Computing memorization fraction for 40 checkpoints...
Model: unet_Sprites16_4096_32_Adam_512_0.0001_seed1/
Output file: ../../Saves/unet_Sprites16_4096_32_Adam_512_0.0001_seed1/Memorization/fraction_memorized.txt
Dataset shape: (4096, 16, 16, 3)
Memorization fraction computation completed!
Arguments: Namespace(num=4096, index=0, img_size=16, learning_rate=0.0001, optim='Adam', nbase=32, batch_size=512, dataset='Sprites', model_type='unet', seed=1, tag='', time=-1, experiment_dir='unet_Sprites16_4096_32_Adam_512_0.0001_seed1', id_stat=1, N1=0, N2=1, batch_size_samples=100, device='cuda:0', fid_batch_size=50, fid_dims=2048, fid_num_workers=None, rebuild_stats=True, no_auto_stats=False)
Dataset shape: (4096, 16, 16, 3)
Saving statistics for ../../Saves/FID_ref/tmp_stats_1
Computing FID for 40 checkpoints...
Model: unet_Sprites16_4096_32_Adam_512_0.0001_seed1/
Reference statistics: ../../Saves/FID_ref/stats1.npz
Output file: ../../Saves/unet_Sprites16_4096_32_Adam_512_0.0001_seed1/FID/FID_1.txt
FID computation completed!
Arguments: Namespace(num=512, index=0, img_size=16, learning_rate=0.0001, optim='Adam', nbase=32, batch_size=512, dataset='Sprites', model_type='unet', seed=1, tag='', time=-1, experiment_dir='unet_Sprites16_512_32_Adam_512_0.0001_seed1', Nsamples=1, batch_sample_size=100, gap_threshold=0.3333333333333333, device='cuda:0')
Computing memorization fraction for 40 checkpoints...
Model: unet_Sprites16_512_32_Adam_512_0.0001_seed1/
Output file: ../../Saves/unet_Sprites16_512_32_Adam_512_0.0001_seed1/Memorization/fraction_memorized.txt
Dataset shape: (512, 16, 16, 3)
Memorization fraction computation completed!
Arguments: Namespace(num=512, index=0, img_size=16, learning_rate=0.0001, optim='Adam', nbase=32, batch_size=512, dataset='Sprites', model_type='unet', seed=1, tag='', time=-1, experiment_dir='unet_Sprites16_512_32_Adam_512_0.0001_seed1', id_stat=1, N1=0, N2=1, batch_size_samples=100, device='cuda:0', fid_batch_size=50, fid_dims=2048, fid_num_workers=None, rebuild_stats=True, no_auto_stats=False)
Dataset shape: (512, 16, 16, 3)
Saving statistics for ../../Saves/FID_ref/tmp_stats_1
Computing FID for 40 checkpoints...
Model: unet_Sprites16_512_32_Adam_512_0.0001_seed1/
Reference statistics: ../../Saves/FID_ref/stats1.npz
Output file: ../../Saves/unet_Sprites16_512_32_Adam_512_0.0001_seed1/FID/FID_1.txt
FID computation completed!
Skipping (no generated samples): CelebA16_1024_32_Adam_512_0.0001_index0
Skipping (no generated samples): CelebA16_2048_32_Adam_512_0.0001_index0
Skipping (no generated samples): CelebA16_4096_32_Adam_512_0.0001_index0

=== Evaluating CelebA16_512_32_Adam_512_0.0001_index0 ===
Detected generated batches per checkpoint: 5
Running: /work3/s204164/Why-Diffusion-Models-Don-t-Memorize/Experiments/.venv/bin/python /work3/s204164/Why-Diffusion-Models-Don-t-Memorize/Experiments/src/Evaluation/compute_fmem.py -D CelebA -n 512 -s 16 -LR 0.0001 -O Adam -W 32 -B 512 -t -1 --experiment_dir CelebA16_512_32_Adam_512_0.0001_index0 --device cuda:0 -i 0 -Ns 5 --batch_sample_size 100 --gap_threshold 0.3333333333333333
Running: /work3/s204164/Why-Diffusion-Models-Don-t-Memorize/Experiments/.venv/bin/python /work3/s204164/Why-Diffusion-Models-Don-t-Memorize/Experiments/src/Evaluation/compute_FID.py -D CelebA -n 512 -s 16 -LR 0.0001 -O Adam -W 32 -B 512 -t -1 --experiment_dir CelebA16_512_32_Adam_512_0.0001_index0 --device cuda:0 -i 0 -istat 1 --N1 0 --N2 5 --batch_size_samples 100 --rebuild_stats
Skipping (FID and fmem already exist): CelebA32_1024_32_Adam_512_0.0001_index0

=== Evaluating CelebA32_512_32_Adam_512_0.0001_index0 ===
Detected generated batches per checkpoint: 5
Running: /work3/s204164/Why-Diffusion-Models-Don-t-Memorize/Experiments/.venv/bin/python /work3/s204164/Why-Diffusion-Models-Don-t-Memorize/Experiments/src/Evaluation/compute_fmem.py -D CelebA -n 512 -s 32 -LR 0.0001 -O Adam -W 32 -B 512 -t -1 --experiment_dir CelebA32_512_32_Adam_512_0.0001_index0 --device cuda:0 -i 0 -Ns 5 --batch_sample_size 100 --gap_threshold 0.3333333333333333
Running: /work3/s204164/Why-Diffusion-Models-Don-t-Memorize/Experiments/.venv/bin/python /work3/s204164/Why-Diffusion-Models-Don-t-Memorize/Experiments/src/Evaluation/compute_FID.py -D CelebA -n 512 -s 32 -LR 0.0001 -O Adam -W 32 -B 512 -t -1 --experiment_dir CelebA32_512_32_Adam_512_0.0001_index0 --device cuda:0 -i 0 -istat 1 --N1 0 --N2 5 --batch_size_samples 100 --rebuild_stats
Skipping unsupported folder name: GMM8_4096_128_Adam_1_0.0006_B512_t-1
Skipping unsupported folder name: ISIC16_1024_32_Adam_512_0.0001_seed1
Skipping unsupported folder name: ISIC16_2048_32_Adam_512_0.0001_seed1
Skipping unsupported folder name: ISIC16_4096_32_Adam_512_0.0001_seed1
Skipping unsupported folder name: ISIC16_512_32_Adam_512_0.0001_seed1
Skipping unsupported folder name: ISIC32_1024_32_Adam_512_0.0001_seed1
Skipping (FID and fmem already exist): gmm_Sprites16_128_128_SGD_Momentum_128_0.0001_seed1
Skipping (FID and fmem already exist): gmm_Sprites16_4096_128_Adam_512_0.0006_seed1
Skipping (FID and fmem already exist): gmm_Sprites16_4096_128_SGD_Momentum_512_0.0006_seed1
Skipping (FID and fmem already exist): gmm_Sprites16_4096_512_Adam_512_0.0006_seed1

=== Evaluating gmm_Sprites16_512_512_Adam_512_0.0006_seed1 ===
Detected generated batches per checkpoint: 1
Running: /work3/s204164/Why-Diffusion-Models-Don-t-Memorize/Experiments/.venv/bin/python /work3/s204164/Why-Diffusion-Models-Don-t-Memorize/Experiments/src/Evaluation/compute_fmem.py -D Sprites -n 512 -s 16 -LR 0.0006 -O Adam -W 512 -B 512 -t -1 --experiment_dir gmm_Sprites16_512_512_Adam_512_0.0006_seed1 --device cuda:0 --model_type gmm --seed 1 -Ns 1 --batch_sample_size 100 --gap_threshold 0.3333333333333333
Running: /work3/s204164/Why-Diffusion-Models-Don-t-Memorize/Experiments/.venv/bin/python /work3/s204164/Why-Diffusion-Models-Don-t-Memorize/Experiments/src/Evaluation/compute_FID.py -D Sprites -n 512 -s 16 -LR 0.0006 -O Adam -W 512 -B 512 -t -1 --experiment_dir gmm_Sprites16_512_512_Adam_512_0.0006_seed1 --device cuda:0 --model_type gmm --seed 1 -istat 1 --N1 0 --N2 1 --batch_size_samples 100 --rebuild_stats
Skipping (FID and fmem already exist): unet_Sprites16_1024_32_Adam_512_0.0001_seed1
Skipping (FID and fmem already exist): unet_Sprites16_1024_32_SGD_Momentum_512_0.0001_seed1
Skipping (FID and fmem already exist): unet_Sprites16_1024_32_SGD_Momentum_512_0.0030_seed1_sgdcos_lr3e-3_warm10k

=== Evaluating unet_Sprites16_2048_32_Adam_512_0.0001_seed1 ===
Detected generated batches per checkpoint: 1
Running: /work3/s204164/Why-Diffusion-Models-Don-t-Memorize/Experiments/.venv/bin/python /work3/s204164/Why-Diffusion-Models-Don-t-Memorize/Experiments/src/Evaluation/compute_fmem.py -D Sprites -n 2048 -s 16 -LR 0.0001 -O Adam -W 32 -B 512 -t -1 --experiment_dir unet_Sprites16_2048_32_Adam_512_0.0001_seed1 --device cuda:0 --model_type unet --seed 1 -Ns 1 --batch_sample_size 100 --gap_threshold 0.3333333333333333
Running: /work3/s204164/Why-Diffusion-Models-Don-t-Memorize/Experiments/.venv/bin/python /work3/s204164/Why-Diffusion-Models-Don-t-Memorize/Experiments/src/Evaluation/compute_FID.py -D Sprites -n 2048 -s 16 -LR 0.0001 -O Adam -W 32 -B 512 -t -1 --experiment_dir unet_Sprites16_2048_32_Adam_512_0.0001_seed1 --device cuda:0 --model_type unet --seed 1 -istat 1 --N1 0 --N2 1 --batch_size_samples 100 --rebuild_stats

=== Evaluating unet_Sprites16_4096_32_Adam_512_0.0001_seed1 ===
Detected generated batches per checkpoint: 1
Running: /work3/s204164/Why-Diffusion-Models-Don-t-Memorize/Experiments/.venv/bin/python /work3/s204164/Why-Diffusion-Models-Don-t-Memorize/Experiments/src/Evaluation/compute_fmem.py -D Sprites -n 4096 -s 16 -LR 0.0001 -O Adam -W 32 -B 512 -t -1 --experiment_dir unet_Sprites16_4096_32_Adam_512_0.0001_seed1 --device cuda:0 --model_type unet --seed 1 -Ns 1 --batch_sample_size 100 --gap_threshold 0.3333333333333333
Running: /work3/s204164/Why-Diffusion-Models-Don-t-Memorize/Experiments/.venv/bin/python /work3/s204164/Why-Diffusion-Models-Don-t-Memorize/Experiments/src/Evaluation/compute_FID.py -D Sprites -n 4096 -s 16 -LR 0.0001 -O Adam -W 32 -B 512 -t -1 --experiment_dir unet_Sprites16_4096_32_Adam_512_0.0001_seed1 --device cuda:0 --model_type unet --seed 1 -istat 1 --N1 0 --N2 1 --batch_size_samples 100 --rebuild_stats

=== Evaluating unet_Sprites16_512_32_Adam_512_0.0001_seed1 ===
Detected generated batches per checkpoint: 1
Running: /work3/s204164/Why-Diffusion-Models-Don-t-Memorize/Experiments/.venv/bin/python /work3/s204164/Why-Diffusion-Models-Don-t-Memorize/Experiments/src/Evaluation/compute_fmem.py -D Sprites -n 512 -s 16 -LR 0.0001 -O Adam -W 32 -B 512 -t -1 --experiment_dir unet_Sprites16_512_32_Adam_512_0.0001_seed1 --device cuda:0 --model_type unet --seed 1 -Ns 1 --batch_sample_size 100 --gap_threshold 0.3333333333333333
Running: /work3/s204164/Why-Diffusion-Models-Don-t-Memorize/Experiments/.venv/bin/python /work3/s204164/Why-Diffusion-Models-Don-t-Memorize/Experiments/src/Evaluation/compute_FID.py -D Sprites -n 512 -s 16 -LR 0.0001 -O Adam -W 32 -B 512 -t -1 --experiment_dir unet_Sprites16_512_32_Adam_512_0.0001_seed1 --device cuda:0 --model_type unet --seed 1 -istat 1 --N1 0 --N2 1 --batch_size_samples 100 --rebuild_stats

Done. Evaluated 6 experiment(s), skipped 17.
